2013/01/28 19:27:00 [error] [exception.CHttpException.404] exception 'CHttpException' with message 'Unable to resolve the request "gii".' in C:\xampp\htdocs\yii\framework\web\CWebApplication.php:286
Stack trace:
#0 C:\xampp\htdocs\yii\framework\web\CWebApplication.php(141): CWebApplication->runController('gii')
#1 C:\xampp\htdocs\yii\framework\base\CApplication.php(169): CWebApplication->processRequest()
#2 C:\xampp\htdocs\yii\class-cancel\index.php(13): CApplication->run()
#3 {main}
REQUEST_URI=/yii/class-cancel/index.php?r=gii
---
2013/01/28 19:34:51 [error] [php] Undefined variable: class (C:\xampp\htdocs\yii\class-cancel\protected\views\greeting\index.php:8)
Stack trace:
#0 C:\xampp\htdocs\yii\framework\web\CController.php(869): GreetingController->renderFile()
#1 C:\xampp\htdocs\yii\framework\web\CController.php(782): GreetingController->renderPartial()
#2 C:\xampp\htdocs\yii\class-cancel\protected\controllers\GreetingController.php(7): GreetingController->render()
#3 C:\xampp\htdocs\yii\framework\web\actions\CInlineAction.php(49): GreetingController->actionIndex()
#4 C:\xampp\htdocs\yii\framework\web\CController.php(308): CInlineAction->runWithParams()
#5 C:\xampp\htdocs\yii\framework\web\CController.php(286): GreetingController->runAction()
#6 C:\xampp\htdocs\yii\framework\web\CController.php(265): GreetingController->runActionWithFilters()
#7 C:\xampp\htdocs\yii\framework\web\CWebApplication.php(282): GreetingController->run()
#8 C:\xampp\htdocs\yii\framework\web\CWebApplication.php(141): CWebApplication->runController()
#9 C:\xampp\htdocs\yii\framework\base\CApplication.php(169): CWebApplication->processRequest()
#10 C:\xampp\htdocs\yii\class-cancel\index.php(13): CWebApplication->run()
REQUEST_URI=/yii/class-cancel/index.php?r=greeting
in C:\xampp\htdocs\yii\class-cancel\protected\views\greeting\index.php (8)
in C:\xampp\htdocs\yii\class-cancel\protected\controllers\GreetingController.php (7)
in C:\xampp\htdocs\yii\class-cancel\index.php (13)
2013/01/28 19:35:23 [error] [php] Undefined variable: class (C:\xampp\htdocs\yii\class-cancel\protected\views\greeting\index.php:8)
Stack trace:
#0 C:\xampp\htdocs\yii\framework\web\CController.php(869): GreetingController->renderFile()
#1 C:\xampp\htdocs\yii\framework\web\CController.php(782): GreetingController->renderPartial()
#2 C:\xampp\htdocs\yii\class-cancel\protected\controllers\GreetingController.php(9): GreetingController->render()
#3 C:\xampp\htdocs\yii\framework\web\actions\CInlineAction.php(49): GreetingController->actionIndex()
#4 C:\xampp\htdocs\yii\framework\web\CController.php(308): CInlineAction->runWithParams()
#5 C:\xampp\htdocs\yii\framework\web\CController.php(286): GreetingController->runAction()
#6 C:\xampp\htdocs\yii\framework\web\CController.php(265): GreetingController->runActionWithFilters()
#7 C:\xampp\htdocs\yii\framework\web\CWebApplication.php(282): GreetingController->run()
#8 C:\xampp\htdocs\yii\framework\web\CWebApplication.php(141): CWebApplication->runController()
#9 C:\xampp\htdocs\yii\framework\base\CApplication.php(169): CWebApplication->processRequest()
#10 C:\xampp\htdocs\yii\class-cancel\index.php(13): CWebApplication->run()
REQUEST_URI=/yii/class-cancel/index.php?r=greeting
in C:\xampp\htdocs\yii\class-cancel\protected\views\greeting\index.php (8)
in C:\xampp\htdocs\yii\class-cancel\protected\controllers\GreetingController.php (9)
in C:\xampp\htdocs\yii\class-cancel\index.php (13)
2013/01/28 19:35:24 [error] [php] Undefined variable: class (C:\xampp\htdocs\yii\class-cancel\protected\views\greeting\index.php:8)
Stack trace:
#0 C:\xampp\htdocs\yii\framework\web\CController.php(869): GreetingController->renderFile()
#1 C:\xampp\htdocs\yii\framework\web\CController.php(782): GreetingController->renderPartial()
#2 C:\xampp\htdocs\yii\class-cancel\protected\controllers\GreetingController.php(9): GreetingController->render()
#3 C:\xampp\htdocs\yii\framework\web\actions\CInlineAction.php(49): GreetingController->actionIndex()
#4 C:\xampp\htdocs\yii\framework\web\CController.php(308): CInlineAction->runWithParams()
#5 C:\xampp\htdocs\yii\framework\web\CController.php(286): GreetingController->runAction()
#6 C:\xampp\htdocs\yii\framework\web\CController.php(265): GreetingController->runActionWithFilters()
#7 C:\xampp\htdocs\yii\framework\web\CWebApplication.php(282): GreetingController->run()
#8 C:\xampp\htdocs\yii\framework\web\CWebApplication.php(141): CWebApplication->runController()
#9 C:\xampp\htdocs\yii\framework\base\CApplication.php(169): CWebApplication->processRequest()
#10 C:\xampp\htdocs\yii\class-cancel\index.php(13): CWebApplication->run()
REQUEST_URI=/yii/class-cancel/index.php?r=greeting
in C:\xampp\htdocs\yii\class-cancel\protected\views\greeting\index.php (8)
in C:\xampp\htdocs\yii\class-cancel\protected\controllers\GreetingController.php (9)
in C:\xampp\htdocs\yii\class-cancel\index.php (13)
2013/01/28 20:40:28 [error] [exception.CHttpException.404] exception 'CHttpException' with message 'The system is unable to find the requested action "class_cancellations".' in C:\xampp\htdocs\yii\framework\web\CController.php:483
Stack trace:
#0 C:\xampp\htdocs\yii\framework\web\CController.php(270): CController->missingAction('class_cancellat...')
#1 C:\xampp\htdocs\yii\framework\web\CWebApplication.php(282): CController->run('class_cancellat...')
#2 C:\xampp\htdocs\yii\framework\web\CWebApplication.php(141): CWebApplication->runController('site/class_canc...')
#3 C:\xampp\htdocs\yii\framework\base\CApplication.php(169): CWebApplication->processRequest()
#4 C:\xampp\htdocs\yii\class-cancel\index.php(13): CApplication->run()
#5 {main}
REQUEST_URI=/yii/class-cancel/index.php?r=site/class_cancellations
HTTP_REFERER=http://localhost/yii/class-cancel/index.php?r=class_cancellations/index
---
2013/01/29 20:44:46 [error] [exception.CHttpException.404] exception 'CHttpException' with message 'Unable to resolve the request "class".' in C:\xampp\htdocs\yii\framework\web\CWebApplication.php:286
Stack trace:
#0 C:\xampp\htdocs\yii\framework\web\CWebApplication.php(141): CWebApplication->runController('class')
#1 C:\xampp\htdocs\yii\framework\base\CApplication.php(169): CWebApplication->processRequest()
#2 C:\xampp\htdocs\yii\class-cancel\index.php(13): CApplication->run()
#3 {main}
REQUEST_URI=/yii/class-cancel/index.php?r=class
---
2013/01/29 20:49:16 [error] [exception.CException] exception 'CException' with message 'Property "GreetingController.class" is not defined.' in C:\xampp\htdocs\yii\framework\base\CComponent.php:130
Stack trace:
#0 C:\xampp\htdocs\yii\class-cancel\protected\controllers\GreetingController.php(9): CComponent->__get('class')
#1 C:\xampp\htdocs\yii\framework\web\actions\CInlineAction.php(49): GreetingController->actionIndex()
#2 C:\xampp\htdocs\yii\framework\web\CController.php(308): CInlineAction->runWithParams(Array)
#3 C:\xampp\htdocs\yii\framework\web\CController.php(286): CController->runAction(Object(CInlineAction))
#4 C:\xampp\htdocs\yii\framework\web\CController.php(265): CController->runActionWithFilters(Object(CInlineAction), Array)
#5 C:\xampp\htdocs\yii\framework\web\CWebApplication.php(282): CController->run('')
#6 C:\xampp\htdocs\yii\framework\web\CWebApplication.php(141): CWebApplication->runController('greeting')
#7 C:\xampp\htdocs\yii\framework\base\CApplication.php(169): CWebApplication->processRequest()
#8 C:\xampp\htdocs\yii\class-cancel\index.php(13): CApplication->run()
#9 {main}
REQUEST_URI=/yii/class-cancel/index.php?r=greeting
---
2013/01/29 20:49:28 [error] [exception.CException] exception 'CException' with message 'Property "GreetingController.class" is not defined.' in C:\xampp\htdocs\yii\framework\base\CComponent.php:130
Stack trace:
#0 C:\xampp\htdocs\yii\class-cancel\protected\views\greeting\index.php(8): CComponent->__get('class')
#1 C:\xampp\htdocs\yii\framework\web\CBaseController.php(126): require('C:\xampp\htdocs...')
#2 C:\xampp\htdocs\yii\framework\web\CBaseController.php(95): CBaseController->renderInternal('C:\xampp\htdocs...', Array, true)
#3 C:\xampp\htdocs\yii\framework\web\CController.php(869): CBaseController->renderFile('C:\xampp\htdocs...', Array, true)
#4 C:\xampp\htdocs\yii\framework\web\CController.php(782): CController->renderPartial('index', Array, true)
#5 C:\xampp\htdocs\yii\class-cancel\protected\controllers\GreetingController.php(9): CController->render('index', Array)
#6 C:\xampp\htdocs\yii\framework\web\actions\CInlineAction.php(49): GreetingController->actionIndex()
#7 C:\xampp\htdocs\yii\framework\web\CController.php(308): CInlineAction->runWithParams(Array)
#8 C:\xampp\htdocs\yii\framework\web\CController.php(286): CController->runAction(Object(CInlineAction))
#9 C:\xampp\htdocs\yii\framework\web\CController.php(265): CController->runActionWithFilters(Object(CInlineAction), Array)
#10 C:\xampp\htdocs\yii\framework\web\CWebApplication.php(282): CController->run('')
#11 C:\xampp\htdocs\yii\framework\web\CWebApplication.php(141): CWebApplication->runController('greeting')
#12 C:\xampp\htdocs\yii\framework\base\CApplication.php(169): CWebApplication->processRequest()
#13 C:\xampp\htdocs\yii\class-cancel\index.php(13): CApplication->run()
#14 {main}
REQUEST_URI=/yii/class-cancel/index.php?r=greeting
---
2013/01/29 20:49:29 [error] [exception.CException] exception 'CException' with message 'Property "GreetingController.class" is not defined.' in C:\xampp\htdocs\yii\framework\base\CComponent.php:130
Stack trace:
#0 C:\xampp\htdocs\yii\class-cancel\protected\views\greeting\index.php(8): CComponent->__get('class')
#1 C:\xampp\htdocs\yii\framework\web\CBaseController.php(126): require('C:\xampp\htdocs...')
#2 C:\xampp\htdocs\yii\framework\web\CBaseController.php(95): CBaseController->renderInternal('C:\xampp\htdocs...', Array, true)
#3 C:\xampp\htdocs\yii\framework\web\CController.php(869): CBaseController->renderFile('C:\xampp\htdocs...', Array, true)
#4 C:\xampp\htdocs\yii\framework\web\CController.php(782): CController->renderPartial('index', Array, true)
#5 C:\xampp\htdocs\yii\class-cancel\protected\controllers\GreetingController.php(9): CController->render('index', Array)
#6 C:\xampp\htdocs\yii\framework\web\actions\CInlineAction.php(49): GreetingController->actionIndex()
#7 C:\xampp\htdocs\yii\framework\web\CController.php(308): CInlineAction->runWithParams(Array)
#8 C:\xampp\htdocs\yii\framework\web\CController.php(286): CController->runAction(Object(CInlineAction))
#9 C:\xampp\htdocs\yii\framework\web\CController.php(265): CController->runActionWithFilters(Object(CInlineAction), Array)
#10 C:\xampp\htdocs\yii\framework\web\CWebApplication.php(282): CController->run('')
#11 C:\xampp\htdocs\yii\framework\web\CWebApplication.php(141): CWebApplication->runController('greeting')
#12 C:\xampp\htdocs\yii\framework\base\CApplication.php(169): CWebApplication->processRequest()
#13 C:\xampp\htdocs\yii\class-cancel\index.php(13): CApplication->run()
#14 {main}
REQUEST_URI=/yii/class-cancel/index.php?r=greeting
---
2013/01/29 20:51:21 [error] [exception.CException] exception 'CException' with message 'Property "class_cancellations.content" is not defined.' in C:\xampp\htdocs\yii\framework\base\CComponent.php:130
Stack trace:
#0 C:\xampp\htdocs\yii\framework\db\ar\CActiveRecord.php(143): CComponent->__get('content')
#1 C:\xampp\htdocs\yii\class-cancel\protected\controllers\GreetingController.php(9): CActiveRecord->__get('content')
#2 C:\xampp\htdocs\yii\framework\web\actions\CInlineAction.php(49): GreetingController->actionIndex()
#3 C:\xampp\htdocs\yii\framework\web\CController.php(308): CInlineAction->runWithParams(Array)
#4 C:\xampp\htdocs\yii\framework\web\CController.php(286): CController->runAction(Object(CInlineAction))
#5 C:\xampp\htdocs\yii\framework\web\CController.php(265): CController->runActionWithFilters(Object(CInlineAction), Array)
#6 C:\xampp\htdocs\yii\framework\web\CWebApplication.php(282): CController->run('')
#7 C:\xampp\htdocs\yii\framework\web\CWebApplication.php(141): CWebApplication->runController('greeting')
#8 C:\xampp\htdocs\yii\framework\base\CApplication.php(169): CWebApplication->processRequest()
#9 C:\xampp\htdocs\yii\class-cancel\index.php(13): CApplication->run()
#10 {main}
REQUEST_URI=/yii/class-cancel/index.php?r=greeting
---
2013/02/07 15:14:03 [error] [exception.CHttpException.404] exception 'CHttpException' with message 'Unable to resolve the request "class_cancellations".' in C:\xampp\htdocs\yii\framework\web\CWebApplication.php:286
Stack trace:
#0 C:\xampp\htdocs\yii\framework\web\CWebApplication.php(141): CWebApplication->runController('class_cancellat...')
#1 C:\xampp\htdocs\yii\framework\base\CApplication.php(169): CWebApplication->processRequest()
#2 C:\xampp\htdocs\yii\printer-map\index.php(13): CApplication->run()
#3 {main}
REQUEST_URI=/yii/printer-map/index.php?r=class_cancellations
HTTP_REFERER=http://localhost/yii/printer-map/
---
2013/02/07 15:14:09 [error] [exception.CHttpException.404] exception 'CHttpException' with message 'Unable to resolve the request "class_cancellations".' in C:\xampp\htdocs\yii\framework\web\CWebApplication.php:286
Stack trace:
#0 C:\xampp\htdocs\yii\framework\web\CWebApplication.php(141): CWebApplication->runController('class_cancellat...')
#1 C:\xampp\htdocs\yii\framework\base\CApplication.php(169): CWebApplication->processRequest()
#2 C:\xampp\htdocs\yii\printer-map\index.php(13): CApplication->run()
#3 {main}
REQUEST_URI=/yii/printer-map/index.php?r=class_cancellations
HTTP_REFERER=http://localhost/yii/printer-map/index.php?r=site/index
---
2013/02/07 15:14:57 [error] [exception.CHttpException.404] exception 'CHttpException' with message 'Unable to resolve the request "class_cancellations".' in C:\xampp\htdocs\yii\framework\web\CWebApplication.php:286
Stack trace:
#0 C:\xampp\htdocs\yii\framework\web\CWebApplication.php(141): CWebApplication->runController('class_cancellat...')
#1 C:\xampp\htdocs\yii\framework\base\CApplication.php(169): CWebApplication->processRequest()
#2 C:\xampp\htdocs\yii\printer-map\index.php(13): CApplication->run()
#3 {main}
REQUEST_URI=/yii/printer-map/index.php?r=class_cancellations
HTTP_REFERER=http://localhost/yii/printer-map/index.php?r=site/index
---
2013/02/07 15:29:52 [error] [exception.CException] exception 'CException' with message 'Property "CWebApplication.message" is not defined.' in C:\xampp\htdocs\yii\framework\base\CComponent.php:130
Stack trace:
#0 C:\xampp\htdocs\yii\framework\base\CModule.php(105): CComponent->__get('message')
#1 C:\xampp\htdocs\yii\printer-map\protected\views\site\index.php(4): CModule->__get('message')
#2 C:\xampp\htdocs\yii\framework\web\CBaseController.php(126): require('C:\xampp\htdocs...')
#3 C:\xampp\htdocs\yii\framework\web\CBaseController.php(95): CBaseController->renderInternal('C:\xampp\htdocs...', NULL, true)
#4 C:\xampp\htdocs\yii\framework\web\CController.php(869): CBaseController->renderFile('C:\xampp\htdocs...', NULL, true)
#5 C:\xampp\htdocs\yii\framework\web\CController.php(782): CController->renderPartial('index', NULL, true)
#6 C:\xampp\htdocs\yii\printer-map\protected\controllers\SiteController.php(32): CController->render('index')
#7 C:\xampp\htdocs\yii\framework\web\actions\CInlineAction.php(49): SiteController->actionIndex()
#8 C:\xampp\htdocs\yii\framework\web\CController.php(308): CInlineAction->runWithParams(Array)
#9 C:\xampp\htdocs\yii\framework\web\CController.php(286): CController->runAction(Object(CInlineAction))
#10 C:\xampp\htdocs\yii\framework\web\CController.php(265): CController->runActionWithFilters(Object(CInlineAction), Array)
#11 C:\xampp\htdocs\yii\framework\web\CWebApplication.php(282): CController->run('')
#12 C:\xampp\htdocs\yii\framework\web\CWebApplication.php(141): CWebApplication->runController('')
#13 C:\xampp\htdocs\yii\framework\base\CApplication.php(169): CWebApplication->processRequest()
#14 C:\xampp\htdocs\yii\printer-map\index.php(13): CApplication->run()
#15 {main}
REQUEST_URI=/yii/printer-map/index.php
HTTP_REFERER=http://localhost/yii/printer-map/
---
2013/02/07 15:46:24 [error] [system.db.CDbCommand] CDbCommand::fetchAll() failed: SQLSTATE[42S02]: Base table or view not found: 1146 Table 'map.printer' doesn't exist. The SQL statement executed was: SHOW FULL COLUMNS FROM `printer`.
in C:\xampp\htdocs\yii\printer-map\index.php (13)
2013/02/07 15:48:54 [error] [system.db.CDbCommand] CDbCommand::fetchAll() failed: SQLSTATE[42S02]: Base table or view not found: 1146 Table 'map.map' doesn't exist. The SQL statement executed was: SHOW FULL COLUMNS FROM `map`.
in C:\xampp\htdocs\yii\printer-map\index.php (13)
2013/02/07 15:49:19 [error] [system.db.CDbCommand] CDbCommand::fetchAll() failed: SQLSTATE[42S02]: Base table or view not found: 1146 Table 'map.tbl_printers' doesn't exist. The SQL statement executed was: SHOW FULL COLUMNS FROM `tbl_printers`.
in C:\xampp\htdocs\yii\printer-map\index.php (13)
2013/02/07 15:50:18 [error] [system.db.CDbCommand] CDbCommand::fetchAll() failed: SQLSTATE[42S02]: Base table or view not found: 1146 Table 'map.printer' doesn't exist. The SQL statement executed was: SHOW FULL COLUMNS FROM `printer`.
in C:\xampp\htdocs\yii\printer-map\index.php (13)
2013/02/07 15:51:07 [error] [system.db.CDbCommand] CDbCommand::fetchAll() failed: SQLSTATE[42S02]: Base table or view not found: 1146 Table 'map.map' doesn't exist. The SQL statement executed was: SHOW FULL COLUMNS FROM `map`.
in C:\xampp\htdocs\yii\printer-map\index.php (13)
2013/02/07 15:51:24 [error] [system.db.CDbCommand] CDbCommand::fetchAll() failed: SQLSTATE[42S02]: Base table or view not found: 1146 Table 'map.map' doesn't exist. The SQL statement executed was: SHOW FULL COLUMNS FROM `map`.
in C:\xampp\htdocs\yii\printer-map\index.php (13)
2013/02/07 15:54:49 [error] [system.db.CDbCommand] CDbCommand::fetchAll() failed: SQLSTATE[42S02]: Base table or view not found: 1146 Table 'map.map' doesn't exist. The SQL statement executed was: SHOW FULL COLUMNS FROM `map`.
in C:\xampp\htdocs\yii\printer-map\index.php (13)
2013/02/07 16:07:07 [error] [system.db.CDbCommand] CDbCommand::fetchAll() failed: SQLSTATE[42S02]: Base table or view not found: 1146 Table 'map.yii' doesn't exist. The SQL statement executed was: SHOW FULL COLUMNS FROM `yii`.
in C:\xampp\htdocs\yii\printer-map\index.php (13)
2013/02/07 17:46:31 [error] [exception.CDbException] exception 'CDbException' with message 'CDbConnection failed to open the DB connection: SQLSTATE[42000] [1049] Unknown database 'map'' in C:\xampp\htdocs\yii\framework\db\CDbConnection.php:381
Stack trace:
#0 C:\xampp\htdocs\yii\framework\db\CDbConnection.php(330): CDbConnection->open()
#1 C:\xampp\htdocs\yii\framework\db\CDbConnection.php(308): CDbConnection->setActive(true)
#2 C:\xampp\htdocs\yii\framework\base\CModule.php(387): CDbConnection->init()
#3 C:\xampp\htdocs\yii\framework\base\CApplication.php(438): CModule->getComponent('db')
#4 C:\xampp\htdocs\yii\framework\db\ar\CActiveRecord.php(623): CApplication->getDb()
#5 C:\xampp\htdocs\yii\framework\db\ar\CActiveRecord.php(2309): CActiveRecord->getDbConnection()
#6 C:\xampp\htdocs\yii\framework\db\ar\CActiveRecord.php(387): CActiveRecordMetaData->__construct(Object(Printers))
#7 C:\xampp\htdocs\yii\framework\web\CActiveDataProvider.php(74): CActiveRecord::model('Printers')
#8 C:\xampp\htdocs\yii\printer-map\protected\controllers\PrintersController.php(125): CActiveDataProvider->__construct('Printers')
#9 C:\xampp\htdocs\yii\framework\web\actions\CInlineAction.php(49): PrintersController->actionIndex()
#10 C:\xampp\htdocs\yii\framework\web\CController.php(308): CInlineAction->runWithParams(Array)
#11 C:\xampp\htdocs\yii\framework\web\filters\CFilterChain.php(133): CController->runAction(Object(CInlineAction))
#12 C:\xampp\htdocs\yii\framework\web\filters\CFilter.php(40): CFilterChain->run()
#13 C:\xampp\htdocs\yii\framework\web\CController.php(1145): CFilter->filter(Object(CFilterChain))
#14 C:\xampp\htdocs\yii\framework\web\filters\CInlineFilter.php(58): CController->filterAccessControl(Object(CFilterChain))
#15 C:\xampp\htdocs\yii\framework\web\filters\CFilterChain.php(130): CInlineFilter->filter(Object(CFilterChain))
#16 C:\xampp\htdocs\yii\framework\web\CController.php(291): CFilterChain->run()
#17 C:\xampp\htdocs\yii\framework\web\CController.php(265): CController->runActionWithFilters(Object(CInlineAction), Array)
#18 C:\xampp\htdocs\yii\framework\web\CWebApplication.php(282): CController->run('')
#19 C:\xampp\htdocs\yii\framework\web\CWebApplication.php(141): CWebApplication->runController('printers')
#20 C:\xampp\htdocs\yii\framework\base\CApplication.php(169): CWebApplication->processRequest()
#21 C:\xampp\htdocs\yii\printer-map\index.php(13): CApplication->run()
#22 {main}
REQUEST_URI=/yii/printer-map/index.php?r=printers
HTTP_REFERER=http://10.1.100.66/yii/printer-map/
---
2013/02/07 22:15:36 [error] [exception.CHttpException.404] exception 'CHttpException' with message 'Unable to resolve the request "http://10.1.100.66/yii/map/printmap.html".' in C:\xampp\htdocs\yii\framework\web\CWebApplication.php:286
Stack trace:
#0 C:\xampp\htdocs\yii\framework\web\CWebApplication.php(141): CWebApplication->runController('http://10.1.100...')
#1 C:\xampp\htdocs\yii\framework\base\CApplication.php(169): CWebApplication->processRequest()
#2 C:\xampp\htdocs\yii\printer-map\index.php(13): CApplication->run()
#3 {main}
REQUEST_URI=/yii/printer-map/index.php?r=http://10.1.100.66/yii/map/printmap.html
HTTP_REFERER=http://10.1.100.66/yii/printer-map/
---
2013/02/07 22:16:11 [error] [exception.CHttpException.404] exception 'CHttpException' with message 'Unable to resolve the request "http://10.1.100.66/yii/map/printmap.html".' in C:\xampp\htdocs\yii\framework\web\CWebApplication.php:286
Stack trace:
#0 C:\xampp\htdocs\yii\framework\web\CWebApplication.php(141): CWebApplication->runController('http://10.1.100...')
#1 C:\xampp\htdocs\yii\framework\base\CApplication.php(169): CWebApplication->processRequest()
#2 C:\xampp\htdocs\yii\printer-map\index.php(13): CApplication->run()
#3 {main}
REQUEST_URI=/yii/printer-map/index.php?r=http://10.1.100.66/yii/map/printmap.html
HTTP_REFERER=http://10.1.100.66/yii/printer-map/
---
2013/02/07 22:16:19 [error] [exception.CHttpException.404] exception 'CHttpException' with message 'Unable to resolve the request "http://10.1.100.66/yii/map/printmap.html".' in C:\xampp\htdocs\yii\framework\web\CWebApplication.php:286
Stack trace:
#0 C:\xampp\htdocs\yii\framework\web\CWebApplication.php(141): CWebApplication->runController('http://10.1.100...')
#1 C:\xampp\htdocs\yii\framework\base\CApplication.php(169): CWebApplication->processRequest()
#2 C:\xampp\htdocs\yii\printer-map\index.php(13): CApplication->run()
#3 {main}
REQUEST_URI=/yii/printer-map/index.php?r=http://10.1.100.66/yii/map/printmap.html
HTTP_REFERER=http://10.1.100.66/yii/printer-map/
---
2013/02/07 22:16:59 [error] [exception.CHttpException.404] exception 'CHttpException' with message 'Unable to resolve the request "http://10.1.100.66/yii/map/printmap.html".' in C:\xampp\htdocs\yii\framework\web\CWebApplication.php:286
Stack trace:
#0 C:\xampp\htdocs\yii\framework\web\CWebApplication.php(141): CWebApplication->runController('http://10.1.100...')
#1 C:\xampp\htdocs\yii\framework\base\CApplication.php(169): CWebApplication->processRequest()
#2 C:\xampp\htdocs\yii\printer-map\index.php(13): CApplication->run()
#3 {main}
REQUEST_URI=/yii/printer-map/index.php?r=http://10.1.100.66/yii/map/printmap.html
HTTP_REFERER=http://10.1.100.66/yii/printer-map/
---
2013/02/07 22:17:00 [error] [exception.CHttpException.404] exception 'CHttpException' with message 'Unable to resolve the request "http://10.1.100.66/yii/map/printmap.html".' in C:\xampp\htdocs\yii\framework\web\CWebApplication.php:286
Stack trace:
#0 C:\xampp\htdocs\yii\framework\web\CWebApplication.php(141): CWebApplication->runController('http://10.1.100...')
#1 C:\xampp\htdocs\yii\framework\base\CApplication.php(169): CWebApplication->processRequest()
#2 C:\xampp\htdocs\yii\printer-map\index.php(13): CApplication->run()
#3 {main}
REQUEST_URI=/yii/printer-map/index.php?r=http://10.1.100.66/yii/map/printmap.html
HTTP_REFERER=http://10.1.100.66/yii/printer-map/
---
2013/02/07 22:17:17 [error] [exception.CHttpException.404] exception 'CHttpException' with message 'Unable to resolve the request "http://10.1.100.66/yii/map/printmap.html".' in C:\xampp\htdocs\yii\framework\web\CWebApplication.php:286
Stack trace:
#0 C:\xampp\htdocs\yii\framework\web\CWebApplication.php(141): CWebApplication->runController('http://10.1.100...')
#1 C:\xampp\htdocs\yii\framework\base\CApplication.php(169): CWebApplication->processRequest()
#2 C:\xampp\htdocs\yii\printer-map\index.php(13): CApplication->run()
#3 {main}
REQUEST_URI=/yii/printer-map/index.php?r=http://10.1.100.66/yii/map/printmap.html
HTTP_REFERER=http://10.1.100.66/yii/printer-map/
---
2013/02/07 22:17:19 [error] [exception.CHttpException.404] exception 'CHttpException' with message 'Unable to resolve the request "http://10.1.100.66/yii/map/printmap.html".' in C:\xampp\htdocs\yii\framework\web\CWebApplication.php:286
Stack trace:
#0 C:\xampp\htdocs\yii\framework\web\CWebApplication.php(141): CWebApplication->runController('http://10.1.100...')
#1 C:\xampp\htdocs\yii\framework\base\CApplication.php(169): CWebApplication->processRequest()
#2 C:\xampp\htdocs\yii\printer-map\index.php(13): CApplication->run()
#3 {main}
REQUEST_URI=/yii/printer-map/index.php?r=http://10.1.100.66/yii/map/printmap.html
HTTP_REFERER=http://10.1.100.66/yii/printer-map/
---
2013/02/25 22:15:26 [error] [exception.CHttpException.403] exception 'CHttpException' with message 'You are not authorized to perform this action.' in C:\xampp\htdocs\yii\framework\web\auth\CAccessControlFilter.php:179
Stack trace:
#0 C:\xampp\htdocs\yii\framework\web\auth\CAccessControlFilter.php(142): CAccessControlFilter->accessDenied(Object(CWebUser), 'You are not aut...')
#1 C:\xampp\htdocs\yii\framework\web\filters\CFilter.php(38): CAccessControlFilter->preFilter(Object(CFilterChain))
#2 C:\xampp\htdocs\yii\framework\web\CController.php(1145): CFilter->filter(Object(CFilterChain))
#3 C:\xampp\htdocs\yii\framework\web\filters\CInlineFilter.php(58): CController->filterAccessControl(Object(CFilterChain))
#4 C:\xampp\htdocs\yii\framework\web\filters\CFilterChain.php(130): CInlineFilter->filter(Object(CFilterChain))
#5 C:\xampp\htdocs\yii\framework\web\CController.php(291): CFilterChain->run()
#6 C:\xampp\htdocs\yii\framework\web\CController.php(265): CController->runActionWithFilters(Object(CInlineAction), Array)
#7 C:\xampp\htdocs\yii\framework\web\CWebApplication.php(282): CController->run('admin')
#8 C:\xampp\htdocs\yii\framework\web\CWebApplication.php(141): CWebApplication->runController('printers/admin')
#9 C:\xampp\htdocs\yii\framework\base\CApplication.php(169): CWebApplication->processRequest()
#10 C:\xampp\htdocs\yii\printer-map\index.php(13): CApplication->run()
#11 {main}
REQUEST_URI=/yii/printer-map/index.php?r=printers/admin
HTTP_REFERER=http://10.1.100.66/yii/printer-map/index.php?r=printers/view&id=4
---
2013/02/25 22:15:34 [error] [exception.CHttpException.403] exception 'CHttpException' with message 'You are not authorized to perform this action.' in C:\xampp\htdocs\yii\framework\web\auth\CAccessControlFilter.php:179
Stack trace:
#0 C:\xampp\htdocs\yii\framework\web\auth\CAccessControlFilter.php(142): CAccessControlFilter->accessDenied(Object(CWebUser), 'You are not aut...')
#1 C:\xampp\htdocs\yii\framework\web\filters\CFilter.php(38): CAccessControlFilter->preFilter(Object(CFilterChain))
#2 C:\xampp\htdocs\yii\framework\web\CController.php(1145): CFilter->filter(Object(CFilterChain))
#3 C:\xampp\htdocs\yii\framework\web\filters\CInlineFilter.php(58): CController->filterAccessControl(Object(CFilterChain))
#4 C:\xampp\htdocs\yii\framework\web\filters\CFilterChain.php(130): CInlineFilter->filter(Object(CFilterChain))
#5 C:\xampp\htdocs\yii\framework\web\CController.php(291): CFilterChain->run()
#6 C:\xampp\htdocs\yii\framework\web\CController.php(265): CController->runActionWithFilters(Object(CInlineAction), Array)
#7 C:\xampp\htdocs\yii\framework\web\CWebApplication.php(282): CController->run('admin')
#8 C:\xampp\htdocs\yii\framework\web\CWebApplication.php(141): CWebApplication->runController('printers/admin')
#9 C:\xampp\htdocs\yii\framework\base\CApplication.php(169): CWebApplication->processRequest()
#10 C:\xampp\htdocs\yii\printer-map\index.php(13): CApplication->run()
#11 {main}
REQUEST_URI=/yii/printer-map/index.php?r=printers/admin
HTTP_REFERER=http://10.1.100.66/yii/printer-map/index.php?r=printers
---
2013/02/25 22:15:40 [error] [exception.CHttpException.403] exception 'CHttpException' with message 'You are not authorized to perform this action.' in C:\xampp\htdocs\yii\framework\web\auth\CAccessControlFilter.php:179
Stack trace:
#0 C:\xampp\htdocs\yii\framework\web\auth\CAccessControlFilter.php(142): CAccessControlFilter->accessDenied(Object(CWebUser), 'You are not aut...')
#1 C:\xampp\htdocs\yii\framework\web\filters\CFilter.php(38): CAccessControlFilter->preFilter(Object(CFilterChain))
#2 C:\xampp\htdocs\yii\framework\web\CController.php(1145): CFilter->filter(Object(CFilterChain))
#3 C:\xampp\htdocs\yii\framework\web\filters\CInlineFilter.php(58): CController->filterAccessControl(Object(CFilterChain))
#4 C:\xampp\htdocs\yii\framework\web\filters\CFilterChain.php(130): CInlineFilter->filter(Object(CFilterChain))
#5 C:\xampp\htdocs\yii\framework\web\CController.php(291): CFilterChain->run()
#6 C:\xampp\htdocs\yii\framework\web\CController.php(265): CController->runActionWithFilters(Object(CInlineAction), Array)
#7 C:\xampp\htdocs\yii\framework\web\CWebApplication.php(282): CController->run('admin')
#8 C:\xampp\htdocs\yii\framework\web\CWebApplication.php(141): CWebApplication->runController('printers/admin')
#9 C:\xampp\htdocs\yii\framework\base\CApplication.php(169): CWebApplication->processRequest()
#10 C:\xampp\htdocs\yii\printer-map\index.php(13): CApplication->run()
#11 {main}
REQUEST_URI=/yii/printer-map/index.php?r=printers/admin
HTTP_REFERER=http://10.1.100.66/yii/printer-map/index.php?r=printers
---
2014/01/03 20:33:54 [error] [exception.CDbException] exception 'CDbException' with message 'CDbConnection failed to open the DB connection: SQLSTATE[HY000] [1049] Unknown database 'printer-map'' in C:\xampp\htdocs\yii\framework\db\CDbConnection.php:382
Stack trace:
#0 C:\xampp\htdocs\yii\framework\db\CDbConnection.php(330): CDbConnection->open()
#1 C:\xampp\htdocs\yii\framework\db\CDbConnection.php(308): CDbConnection->setActive(true)
#2 C:\xampp\htdocs\yii\framework\base\CModule.php(387): CDbConnection->init()
#3 C:\xampp\htdocs\yii\framework\base\CApplication.php(450): CModule->getComponent('db')
#4 C:\xampp\htdocs\yii\framework\db\ar\CActiveRecord.php(634): CApplication->getDb()
#5 C:\xampp\htdocs\yii\framework\db\ar\CActiveRecord.php(667): CActiveRecord->getDbConnection()
#6 C:\xampp\htdocs\yii\framework\db\ar\CActiveRecord.php(1595): CActiveRecord->getCommandBuilder()
#7 C:\xampp\htdocs\yii\framework\web\CActiveDataProvider.php(228): CActiveRecord->count(Object(CDbCriteria))
#8 C:\xampp\htdocs\yii\framework\web\CDataProvider.php(224): CActiveDataProvider->calculateTotalItemCount()
#9 C:\xampp\htdocs\yii\framework\web\CActiveDataProvider.php(178): CDataProvider->getTotalItemCount()
#10 C:\xampp\htdocs\yii\framework\web\CDataProvider.php(168): CActiveDataProvider->fetchData()
#11 C:\xampp\htdocs\yii\framework\zii\widgets\CBaseListView.php(111): CDataProvider->getData()
#12 C:\xampp\htdocs\yii\framework\zii\widgets\CListView.php(211): CBaseListView->init()
#13 C:\xampp\htdocs\yii\framework\web\CBaseController.php(147): CListView->init()
#14 C:\xampp\htdocs\yii\framework\web\CBaseController.php(172): CBaseController->createWidget('zii.widgets.CLi...', Array)
#15 C:\xampp\htdocs\yii\printer-map\protected\views\printers\index.php(20): CBaseController->widget('zii.widgets.CLi...', Array)
#16 C:\xampp\htdocs\yii\framework\web\CBaseController.php(126): require('C:\xampp\htdocs...')
#17 C:\xampp\htdocs\yii\framework\web\CBaseController.php(95): CBaseController->renderInternal('C:\xampp\htdocs...', Array, true)
#18 C:\xampp\htdocs\yii\framework\web\CController.php(869): CBaseController->renderFile('C:\xampp\htdocs...', Array, true)
#19 C:\xampp\htdocs\yii\framework\web\CController.php(782): CController->renderPartial('index', Array, true)
#20 C:\xampp\htdocs\yii\printer-map\protected\controllers\PrintersController.php(128): CController->render('index', Array)
#21 C:\xampp\htdocs\yii\framework\web\actions\CInlineAction.php(49): PrintersController->actionIndex()
#22 C:\xampp\htdocs\yii\framework\web\CController.php(308): CInlineAction->runWithParams(Array)
#23 C:\xampp\htdocs\yii\framework\web\filters\CFilterChain.php(133): CController->runAction(Object(CInlineAction))
#24 C:\xampp\htdocs\yii\framework\web\filters\CFilter.php(40): CFilterChain->run()
#25 C:\xampp\htdocs\yii\framework\web\CController.php(1145): CFilter->filter(Object(CFilterChain))
#26 C:\xampp\htdocs\yii\framework\web\filters\CInlineFilter.php(58): CController->filterAccessControl(Object(CFilterChain))
#27 C:\xampp\htdocs\yii\framework\web\filters\CFilterChain.php(130): CInlineFilter->filter(Object(CFilterChain))
#28 C:\xampp\htdocs\yii\framework\web\CController.php(291): CFilterChain->run()
#29 C:\xampp\htdocs\yii\framework\web\CController.php(265): CController->runActionWithFilters(Object(CInlineAction), Array)
#30 C:\xampp\htdocs\yii\framework\web\CWebApplication.php(282): CController->run('')
#31 C:\xampp\htdocs\yii\framework\web\CWebApplication.php(141): CWebApplication->runController('printers')
#32 C:\xampp\htdocs\yii\framework\base\CApplication.php(180): CWebApplication->processRequest()
#33 C:\xampp\htdocs\yii\printer-map\index.php(13): CApplication->run()
#34 {main}
REQUEST_URI=/yii/printer-map/index.php?r=printers
HTTP_REFERER=http://localhost/yii/printer-map/
---
